Set icon for window 4528540
Set icon for window 4528540
Set icon for window 4528540
Set icon for window 4528540
Set icon for window 4528540
Set icon for window 4528540
Set icon for window 1120658
Set icon for window 1120658
Set icon for window 1120658
Set icon for window 1120658
Set icon for window 1120658
Set icon for window 1120658
Set icon for window 1120658
Set icon for window 1120658
Set icon for window 1120658
Set icon for window 1120658
Set icon for window 1120658
Set icon for window 1120658
Attempting to set title to: ROBLOX
Found 1 Roblox windows
Window 1120658 current title: 'Roblox'
Set title to 'ROBLOX' for window 1120658
Also called SetWindowText API for window 1120658
Title successfully set for window 1120658
Set icon for window 1120658
Attempting to set title to: ROBLOX
Found 1 Roblox windows
Window 1120658 current title: 'ROBLOX'
Set title to 'ROBLOX' for window 1120658
Also called SetWindowText API for window 1120658
Title successfully set for window 1120658
Set icon for window 1120658
Attempting to set title to: ROBLOX
Found 1 Roblox windows
Window 1120658 current title: 'ROBLOX'
Set title to 'ROBLOX' for window 1120658
Also called SetWindowText API for window 1120658
Title successfully set for window 1120658
Set icon for window 1120658
Attempting to set title to: ROBLOX
Found 1 Roblox windows
Window 1120658 current title: 'ROBLOX'
Set title to 'ROBLOX' for window 1120658
Also called SetWindowText API for window 1120658
Title successfully set for window 1120658
Set icon for window 1120658
Attempting to set title to: ROBLOX
Found 1 Roblox windows
Window 1120658 current title: 'ROBLOX'
Set title to 'ROBLOX' for window 1120658
Also called SetWindowText API for window 1120658
Title successfully set for window 1120658
Set icon for window 1120658
Attempting to set title to: ROBLOX
Found 1 Roblox windows
Window 1120658 current title: 'ROBLOX'
Set title to 'ROBLOX' for window 1120658
Also called SetWindowText API for window 1120658
Title successfully set for window 1120658
Set icon for window 1120658
Attempting to set title to: ROBLOX
Found 1 Roblox windows
Window 1120658 current title: 'ROBLOX'
Set title to 'ROBLOX' for window 1120658
Also called SetWindowText API for window 1120658
Title successfully set for window 1120658
Set icon for window 1120658
Attempting to set title to: ROBLOX
Found 1 Roblox windows
Window 1120658 current title: 'ROBLOX'
Set title to 'ROBLOX' for window 1120658
Also called SetWindowText API for window 1120658
Title successfully set for window 1120658
Set icon for window 1120658
Attempting to set title to: ROBLOX
Found 1 Roblox windows
Window 1120658 current title: 'ROBLOX'
Set title to 'ROBLOX' for window 1120658
Also called SetWindowText API for window 1120658
Title successfully set for window 1120658
Set icon for window 1120658
Attempting to set title to: ROBLOX
Found 1 Roblox windows
Window 1120658 current title: 'ROBLOX'
Set title to 'ROBLOX' for window 1120658
Also called SetWindowText API for window 1120658
Title successfully set for window 1120658
Set icon for window 1120658
Attempting to set title to: ROBLOX
Found 1 Roblox windows
Window 1120658 current title: 'ROBLOX'
Set title to 'ROBLOX' for window 1120658
Also called SetWindowText API for window 1120658
Title successfully set for window 1120658
Set icon for window 1120658
Attempting to set title to: ROBLOX
Found 1 Roblox windows
Window 1120658 current title: 'ROBLOX'
Set title to 'ROBLOX' for window 1120658
Also called SetWindowText API for window 1120658
Title successfully set for window 1120658
Set icon for window 1120658
Attempting to set title to: ROBLOX
Found 1 Roblox windows
Window 1120658 current title: 'ROBLOX'
Set title to 'ROBLOX' for window 1120658
Also called SetWindowText API for window 1120658
Title successfully set for window 1120658
Set icon for window 1120658
Attempting to set title to: ROBLOX
Found 1 Roblox windows
Window 1120658 current title: 'ROBLOX'
Set title to 'ROBLOX' for window 1120658
Also called SetWindowText API for window 1120658
Title successfully set for window 1120658
Set icon for window 1120658
Attempting to set title to: ROBLOX
Found 1 Roblox windows
Window 1120658 current title: 'ROBLOX'
Set title to 'ROBLOX' for window 1120658
Also called SetWindowText API for window 1120658
Title successfully set for window 1120658
Set icon for window 1120658
Attempting to set title to: ROBLOX
Found 1 Roblox windows
Window 1120658 current title: 'ROBLOX'
Set title to 'ROBLOX' for window 1120658
Also called SetWindowText API for window 1120658
Title successfully set for window 1120658
Set icon for window 1120658
Attempting to set title to: ROBLOX
Found 1 Roblox windows
Window 1120658 current title: 'ROBLOX'
Set title to 'ROBLOX' for window 1120658
Also called SetWindowText API for window 1120658
Title successfully set for window 1120658
Set icon for window 1120658
Attempting to set title to: ROBLOX
Found 1 Roblox windows
Window 1120658 current title: 'ROBLOX'
Set title to 'ROBLOX' for window 1120658
Also called SetWindowText API for window 1120658
Title successfully set for window 1120658
Set icon for window 1120658
Attempting to set title to: ROBLOX
Found 1 Roblox windows
Window 1120658 current title: 'ROBLOX'
Set title to 'ROBLOX' for window 1120658
Also called SetWindowText API for window 1120658
Title successfully set for window 1120658
Set icon for window 1120658
Attempting to set title to: ROBLOX
Found 1 Roblox windows
Window 1120658 current title: 'ROBLOX'
Set title to 'ROBLOX' for window 1120658
Also called SetWindowText API for window 1120658
Title successfully set for window 1120658
Set icon for window 1120658
Attempting to set title to: ROBLOX
Found 1 Roblox windows
Window 1120658 current title: 'ROBLOX'
Set title to 'ROBLOX' for window 1120658
Also called SetWindowText API for window 1120658
Title successfully set for window 1120658
Set icon for window 1120658
Attempting to set title to: ROBLOX
Found 1 Roblox windows
Window 1120658 current title: 'ROBLOX'
Set title to 'ROBLOX' for window 1120658
Also called SetWindowText API for window 1120658
Title successfully set for window 1120658
Set icon for window 1120658
Attempting to set title to: ROBLOX
Found 1 Roblox windows
Window 1120658 current title: 'ROBLOX'
Set title to 'ROBLOX' for window 1120658
Also called SetWindowText API for window 1120658
Title successfully set for window 1120658
Set icon for window 1120658
Attempting to set title to: ROBLOX
Found 1 Roblox windows
Window 1120658 current title: 'ROBLOX'
Set title to 'ROBLOX' for window 1120658
Also called SetWindowText API for window 1120658
Title successfully set for window 1120658
Set icon for window 1120658
Attempting to set title to: ROBLOX
Found 1 Roblox windows
Window 1120658 current title: 'ROBLOX'
Set title to 'ROBLOX' for window 1120658
Also called SetWindowText API for window 1120658
Title successfully set for window 1120658
Set icon for window 1120658
Attempting to set title to: ROBLOX
Found 1 Roblox windows
Window 1120658 current title: 'ROBLOX'
Set title to 'ROBLOX' for window 1120658
Also called SetWindowText API for window 1120658
Title successfully set for window 1120658
Set icon for window 1120658
Attempting to set title to: ROBLOX
Found 1 Roblox windows
Window 1120658 current title: 'ROBLOX'
Set title to 'ROBLOX' for window 1120658
Also called SetWindowText API for window 1120658
Title successfully set for window 1120658
Set icon for window 1120658
